<?xml version="1.0" encoding="UTF-8"?>
<!-- Generated by org.testng.reporters.JUnitReportReporter -->
<testsuite hostname="PrakasHaM" name="params.TestGoogle" tests="1" failures="0" timestamp="26 Mar 2021 07:03:10 GMT" time="6.555" errors="0">
  <testcase name="test1" time="6.555" classname="params.TestGoogle"/>
</testsuite> <!-- params.TestGoogle -->
