<?xml version="1.0" encoding="UTF-8"?>
<!-- Generated by org.testng.reporters.JUnitReportReporter -->
<testsuite hostname="PrakasHaM" name="groups.Test1" tests="3" failures="0" timestamp="26 Mar 2021 07:27:39 GMT" time="0.063" errors="0">
  <testcase name="registerFail" time="0.003" classname="groups.Test1"/>
  <testcase name="registerSuccess" time="0.006" classname="groups.Test1"/>
  <testcase name="changepwd" time="0.054" classname="groups.Test1"/>
</testsuite> <!-- groups.Test1 -->
