<?xml version="1.0" encoding="UTF-8"?>
<!-- Generated by org.testng.reporters.JUnitReportReporter -->
<testsuite hostname="PrakasHaM" name="parallel.Ex1" tests="1" failures="0" timestamp="5 Apr 2021 06:56:45 GMT" time="2.824" errors="0">
  <testcase name="verifyHomepageTitle2" time="2.824" classname="parallel.Ex1"/>
</testsuite> <!-- parallel.Ex1 -->
