<?xml version="1.0" encoding="UTF-8"?>
<!-- Generated by org.testng.reporters.JUnitReportReporter -->
<testsuite hostname="PrakasHaM" name="testsuits.Test3" tests="1" failures="0" timestamp="26 Mar 2021 06:14:37 GMT" time="0.003" errors="0">
  <testcase name="t3_1" time="0.003" classname="testsuits.Test3"/>
</testsuite> <!-- testsuits.Test3 -->
