<?xml version="1.0" encoding="UTF-8"?>
<!-- Generated by org.testng.reporters.JUnitReportReporter -->
<testsuite hostname="PrakasHaM" name="testng.Ex8" tests="5" failures="0" timestamp="25 Mar 2021 06:52:16 GMT" time="0.025" errors="0">
  <testcase name="test3" time="0.001" classname="testng.Ex8"/>
  <testcase name="test2" time="0.001" classname="testng.Ex8"/>
  <testcase name="abc" time="0.002" classname="testng.Ex8"/>
  <testcase name="test1" time="0.002" classname="testng.Ex8"/>
  <testcase name="test0" time="0.019" classname="testng.Ex8"/>
</testsuite> <!-- testng.Ex8 -->
