<?xml version="1.0" encoding="UTF-8"?>
<!-- Generated by org.testng.reporters.JUnitReportReporter -->
<testsuite hostname="PrakasHaM" name="testng.Ex11" tests="3" failures="0" timestamp="25 Mar 2021 07:08:38 GMT" time="50.996" errors="0">
  <testcase name="testFb" time="8.545" classname="testng.Ex11"/>
  <testcase name="testYt" time="33.280" classname="testng.Ex11"/>
  <testcase name="testGmail" time="9.171" classname="testng.Ex11"/>
</testsuite> <!-- testng.Ex11 -->
