<?xml version="1.0" encoding="UTF-8"?>
<!-- Generated by org.testng.reporters.JUnitReportReporter -->
<testsuite hostname="PrakasHaM" name="params.T2" tests="2" failures="0" timestamp="26 Mar 2021 06:46:22 GMT" time="0.007" errors="0">
  <testcase name="t4" time="0.004" classname="params.T2"/>
  <testcase name="t3" time="0.003" classname="params.T2"/>
</testsuite> <!-- params.T2 -->
