<?xml version="1.0" encoding="UTF-8"?>
<!-- Generated by org.testng.reporters.JUnitReportReporter -->
<testsuite hostname="PrakasHaM" name="testng.Ex5" tests="4" failures="0" timestamp="25 Mar 2021 06:52:16 GMT" time="0.009" errors="0">
  <testcase name="test1" time="0.004" classname="testng.Ex5"/>
  <testcase name="test5" time="0.002" classname="testng.Ex5"/>
  <testcase name="test3" time="0.002" classname="testng.Ex5"/>
  <testcase name="test2" time="0.001" classname="testng.Ex5"/>
</testsuite> <!-- testng.Ex5 -->
