<?xml version="1.0" encoding="UTF-8"?>
<!-- Generated by org.testng.reporters.JUnitReportReporter -->
<testsuite hostname="PrakasHaM" name="testsuits.Test4" tests="1" failures="0" timestamp="26 Mar 2021 06:24:40 GMT" time="0.015" errors="0">
  <testcase name="t4" time="0.015" classname="testsuits.Test4"/>
</testsuite> <!-- testsuits.Test4 -->
