<?xml version="1.0" encoding="UTF-8"?>
<!-- Generated by org.testng.reporters.JUnitReportReporter -->
<testsuite hostname="PrakasHaM" name="myapp.Ex1_3" tests="1" failures="0" timestamp="27 Mar 2021 10:36:57 GMT" time="14.447" errors="0">
  <testcase name="testFn" time="14.447" classname="myapp.Ex1_3"/>
</testsuite> <!-- myapp.Ex1_3 -->
