<?xml version="1.0" encoding="UTF-8"?>
<!-- Generated by org.testng.reporters.JUnitReportReporter -->
<testsuite hostname="PrakasHaM" name="keyword.TestLogin" tests="1" failures="0" timestamp="4 Apr 2021 07:12:30 GMT" time="14.597" errors="0">
  <testcase name="performLogin" time="14.597" classname="keyword.TestLogin"/>
</testsuite> <!-- keyword.TestLogin -->
