<?xml version="1.0" encoding="UTF-8"?>
<!-- Generated by org.testng.reporters.JUnitReportReporter -->
<testsuite hostname="PrakasHaM" name="excelDataProvider.TestDataExcel" tests="5" failures="0" timestamp="29 Mar 2021 07:29:30 GMT" time="0.044" errors="0">
  <testcase name="testData" time="0.005" classname="excelDataProvider.TestDataExcel"/>
  <testcase name="testData" time="0.006" classname="excelDataProvider.TestDataExcel"/>
  <testcase name="testData" time="0.004" classname="excelDataProvider.TestDataExcel"/>
  <testcase name="testData" time="0.025" classname="excelDataProvider.TestDataExcel"/>
  <testcase name="testData" time="0.004" classname="excelDataProvider.TestDataExcel"/>
</testsuite> <!-- excelDataProvider.TestDataExcel -->
