<?xml version="1.0" encoding="UTF-8"?>
<!-- Generated by org.testng.reporters.JUnitReportReporter -->
<testsuite hostname="PrakasHaM" name="testng.Ex10" tests="3" failures="0" timestamp="25 Mar 2021 07:05:28 GMT" time="47.637" errors="0">
  <testcase name="testFb" time="11.319" classname="testng.Ex10"/>
  <testcase name="testYt" time="26.006" classname="testng.Ex10"/>
  <testcase name="testGmail" time="10.312" classname="testng.Ex10"/>
</testsuite> <!-- testng.Ex10 -->
