<?xml version="1.0" encoding="UTF-8"?>
<!-- Generated by org.testng.reporters.JUnitReportReporter -->
<testsuite hostname="PrakasHaM" name="testsuits.Test6" tests="2" failures="0" timestamp="26 Mar 2021 06:29:35 GMT" time="0.026" errors="0">
  <testcase name="m2" time="0.003" classname="testsuits.Test6"/>
  <testcase name="m1" time="0.023" classname="testsuits.Test6"/>
</testsuite> <!-- testsuits.Test6 -->
