<?xml version="1.0" encoding="UTF-8"?>
<!-- Generated by org.testng.reporters.JUnitReportReporter -->
<testsuite hostname="PrakasHaM" name="parallel.Ex3" tests="2" failures="0" timestamp="29 Mar 2021 06:30:02 GMT" time="20.351" errors="0">
  <testcase name="twitter" time="8.944" classname="parallel.Ex3"/>
  <testcase name="youtube" time="11.407" classname="parallel.Ex3"/>
</testsuite> <!-- parallel.Ex3 -->
