<?xml version="1.0" encoding="UTF-8"?>
<!-- Generated by org.testng.reporters.JUnitReportReporter -->
<testsuite hostname="PrakasHaM" name="myapp.TestLinks" tests="1" failures="0" timestamp="27 Mar 2021 11:08:20 GMT" time="6.928" errors="0">
  <testcase name="testGoogle1" time="6.928" classname="myapp.TestLinks"/>
</testsuite> <!-- myapp.TestLinks -->
