<?xml version="1.0" encoding="UTF-8"?>
<!-- Generated by org.testng.reporters.JUnitReportReporter -->
<testsuite hostname="PrakasHaM" name="myapp.CssTest" tests="4" failures="0" timestamp="28 Mar 2021 09:33:04 GMT" time="63.242" errors="0">
  <testcase name="t2" time="11.268" classname="myapp.CssTest"/>
  <testcase name="t3" time="21.470" classname="myapp.CssTest"/>
  <testcase name="testXpath1" time="22.329" classname="myapp.CssTest"/>
  <testcase name="t4" time="8.175" classname="myapp.CssTest"/>
</testsuite> <!-- myapp.CssTest -->
