<?xml version="1.0" encoding="UTF-8"?>
<!-- Generated by org.testng.reporters.JUnitReportReporter -->
<testsuite hostname="PrakasHaM" name="params.T3" tests="2" failures="0" timestamp="26 Mar 2021 06:48:35 GMT" time="0.028" errors="0">
  <testcase name="t3" time="0.026" classname="params.T3"/>
  <testcase name="t4" time="0.002" classname="params.T3"/>
</testsuite> <!-- params.T3 -->
