<?xml version="1.0" encoding="UTF-8"?>
<!-- Generated by org.testng.reporters.JUnitReportReporter -->
<testsuite hostname="PrakasHaM" name="dataprovider.TestDataProvider4Google" tests="5" failures="0" timestamp="29 Mar 2021 06:07:43 GMT" time="35.774" errors="0">
  <testcase name="testData" time="9.636" classname="dataprovider.TestDataProvider4Google"/>
  <testcase name="testData" time="6.517" classname="dataprovider.TestDataProvider4Google"/>
  <testcase name="testData" time="6.151" classname="dataprovider.TestDataProvider4Google"/>
  <testcase name="testData" time="6.427" classname="dataprovider.TestDataProvider4Google"/>
  <testcase name="testData" time="7.043" classname="dataprovider.TestDataProvider4Google"/>
</testsuite> <!-- dataprovider.TestDataProvider4Google -->
