<?xml version="1.0" encoding="UTF-8"?>
<!-- Generated by org.testng.reporters.JUnitReportReporter -->
<testsuite hostname="PrakasHaM" name="myapp.TestKey3" tests="1" failures="0" timestamp="28 Mar 2021 10:19:31 GMT" time="21.845" errors="0">
  <testcase name="keyActions" time="21.845" classname="myapp.TestKey3"/>
</testsuite> <!-- myapp.TestKey3 -->
