<?xml version="1.0" encoding="UTF-8"?>
<!-- Generated by org.testng.reporters.JUnitReportReporter -->
<testsuite hostname="PrakasHaM" name="params.T4" tests="2" failures="0" timestamp="26 Mar 2021 06:53:48 GMT" time="0.047" errors="0">
  <testcase name="test4_1" time="0.042" classname="params.T4"/>
  <testcase name="test4_2" time="0.005" classname="params.T4"/>
</testsuite> <!-- params.T4 -->
