<?xml version="1.0" encoding="UTF-8"?>
<!-- Generated by org.testng.reporters.JUnitReportReporter -->
<testsuite hostname="PrakasHaM" name="params.T5" tests="2" failures="0" timestamp="26 Mar 2021 06:57:04 GMT" time="0.048" errors="0">
  <testcase name="test5_1" time="0.040" classname="params.T5"/>
  <testcase name="test5_2" time="0.008" classname="params.T5"/>
</testsuite> <!-- params.T5 -->
