<?xml version="1.0" encoding="UTF-8"?>
<!-- Generated by org.testng.reporters.JUnitReportReporter -->
<testsuite hostname="PrakasHaM" name="myapp.TestScroll" tests="1" failures="0" timestamp="28 Mar 2021 10:28:09 GMT" time="23.060" errors="0">
  <testcase name="t1" time="23.060" classname="myapp.TestScroll"/>
</testsuite> <!-- myapp.TestScroll -->
