<?xml version="1.0" encoding="UTF-8"?>
<!-- Generated by org.testng.reporters.JUnitReportReporter -->
<testsuite hostname="PrakasHaM" name="dataprovider.TestDataProvider2" tests="7" failures="0" timestamp="29 Mar 2021 05:57:49 GMT" time="0.025" errors="0">
  <testcase name="testData" time="0.002" classname="dataprovider.TestDataProvider2"/>
  <testcase name="testData" time="0.001" classname="dataprovider.TestDataProvider2"/>
  <testcase name="testData" time="0.002" classname="dataprovider.TestDataProvider2"/>
  <testcase name="testData" time="0.002" classname="dataprovider.TestDataProvider2"/>
  <testcase name="testData" time="0.003" classname="dataprovider.TestDataProvider2"/>
  <testcase name="testData" time="0.002" classname="dataprovider.TestDataProvider2"/>
  <testcase name="testData" time="0.013" classname="dataprovider.TestDataProvider2"/>
</testsuite> <!-- dataprovider.TestDataProvider2 -->
