<?xml version="1.0" encoding="UTF-8"?>
<!-- Generated by org.testng.reporters.JUnitReportReporter -->
<testsuite hostname="PrakasHaM" name="testng.Ex13" tests="3" failures="0" timestamp="25 Mar 2021 07:17:26 GMT" time="20.614" errors="0">
  <testcase name="testGmail" time="8.925" classname="testng.Ex13"/>
  <testcase name="testYt" time="5.250" classname="testng.Ex13"/>
  <testcase name="testFb" time="6.439" classname="testng.Ex13"/>
</testsuite> <!-- testng.Ex13 -->
