<?xml version="1.0" encoding="UTF-8"?>
<!-- Generated by org.testng.reporters.JUnitReportReporter -->
<testsuite hostname="PrakasHaM" name="testapp.TestLoginBasic1" tests="1" failures="0" timestamp="31 Mar 2021 08:35:26 GMT" time="11.239" errors="0">
  <testcase name="testUserNameNotEmptyAndPasswordGreaterThan10Chars" time="11.239" classname="testapp.TestLoginBasic1"/>
</testsuite> <!-- testapp.TestLoginBasic1 -->
