<?xml version="1.0" encoding="UTF-8"?>
<!-- Generated by org.testng.reporters.JUnitReportReporter -->
<testsuite hostname="PrakasHaM" name="testsuits.Test2" tests="2" failures="0" timestamp="26 Mar 2021 06:14:37 GMT" time="0.003" errors="0">
  <testcase name="t2_1" time="0.001" classname="testsuits.Test2"/>
  <testcase name="t2_2" time="0.002" classname="testsuits.Test2"/>
</testsuite> <!-- testsuits.Test2 -->
