<?xml version="1.0" encoding="UTF-8"?>
<!-- Generated by org.testng.reporters.JUnitReportReporter -->
<testsuite hostname="PrakasHaM" name="myapp.Ex1_2" tests="1" failures="0" timestamp="27 Mar 2021 10:36:06 GMT" time="1.435" errors="0">
  <testcase name="testUpload" time="1.435" classname="myapp.Ex1_2"/>
</testsuite> <!-- myapp.Ex1_2 -->
