<?xml version="1.0" encoding="UTF-8"?>
<!-- Generated by org.testng.reporters.JUnitReportReporter -->
<testsuite hostname="PrakasHaM" name="testng.Ex15" tests="1" failures="0" timestamp="26 Mar 2021 05:57:32 GMT" time="11.964" errors="0">
  <testcase name="takeScreenShot" time="11.964" classname="testng.Ex15"/>
</testsuite> <!-- testng.Ex15 -->
