<?xml version="1.0" encoding="UTF-8"?>
<!-- Generated by org.testng.reporters.JUnitReportReporter -->
<testsuite hostname="PrakasHaM" name="myapp.XpathTest" tests="1" failures="0" timestamp="28 Mar 2021 08:26:11 GMT" time="9.239" errors="0">
  <testcase name="t4" time="9.239" classname="myapp.XpathTest"/>
</testsuite> <!-- myapp.XpathTest -->
