<?xml version="1.0" encoding="UTF-8"?>
<!-- Generated by org.testng.reporters.JUnitReportReporter -->
<testsuite hostname="PrakasHaM" name="excelDataProvider.TestDataExcel2" tests="5" failures="0" timestamp="29 Mar 2021 07:32:30 GMT" time="0.058" errors="0">
  <testcase name="testData" time="0.004" classname="excelDataProvider.TestDataExcel2"/>
  <testcase name="testData" time="0.039" classname="excelDataProvider.TestDataExcel2"/>
  <testcase name="testData" time="0.005" classname="excelDataProvider.TestDataExcel2"/>
  <testcase name="testData" time="0.005" classname="excelDataProvider.TestDataExcel2"/>
  <testcase name="testData" time="0.005" classname="excelDataProvider.TestDataExcel2"/>
</testsuite> <!-- excelDataProvider.TestDataExcel2 -->
