<?xml version="1.0" encoding="UTF-8"?>
<!-- Generated by org.testng.reporters.JUnitReportReporter -->
<testsuite hostname="PrakasHaM" name="myapp.TestKeyDrag" tests="1" failures="0" timestamp="28 Mar 2021 10:24:14 GMT" time="15.976" errors="0">
  <testcase name="t1" time="15.976" classname="myapp.TestKeyDrag"/>
</testsuite> <!-- myapp.TestKeyDrag -->
