<?xml version="1.0" encoding="UTF-8"?>
<!-- Generated by org.testng.reporters.JUnitReportReporter -->
<testsuite hostname="PrakasHaM" name="myapp.TestKey1" tests="1" failures="0" timestamp="28 Mar 2021 09:51:46 GMT" time="35.600" errors="0">
  <testcase name="t3" time="35.600" classname="myapp.TestKey1"/>
</testsuite> <!-- myapp.TestKey1 -->
