<?xml version="1.0" encoding="UTF-8"?>
<!-- Generated by org.testng.reporters.JUnitReportReporter -->
<testsuite hostname="PrakasHaM" name="myapp.AlertTest" tests="1" failures="0" timestamp="28 Mar 2021 07:09:48 GMT" time="15.556" errors="0">
  <testcase name="test3" time="15.556" classname="myapp.AlertTest"/>
</testsuite> <!-- myapp.AlertTest -->
