<?xml version="1.0" encoding="UTF-8"?>
<!-- Generated by org.testng.reporters.JUnitReportReporter -->
<testsuite hostname="PrakasHaM" name="myapp.Ex1" tests="1" failures="0" timestamp="27 Mar 2021 09:50:34 GMT" time="28.714" errors="0">
  <testcase name="testMultiDropdown" time="28.714" classname="myapp.Ex1"/>
</testsuite> <!-- myapp.Ex1 -->
