<?xml version="1.0" encoding="UTF-8"?>
<!-- Generated by org.testng.reporters.JUnitReportReporter -->
<testsuite hostname="PrakasHaM" name="testng.Ex12" tests="3" failures="0" timestamp="25 Mar 2021 07:16:16 GMT" time="19.882" errors="0">
  <testcase name="testGmail" time="6.176" classname="testng.Ex12"/>
  <testcase name="testYt" time="7.565" classname="testng.Ex12"/>
  <testcase name="testFb" time="6.141" classname="testng.Ex12"/>
</testsuite> <!-- testng.Ex12 -->
