<?xml version="1.0" encoding="UTF-8"?>
<!-- Generated by org.testng.reporters.JUnitReportReporter -->
<testsuite hostname="PrakasHaM" name="parallel.Ex2" tests="1" failures="0" timestamp="5 Apr 2021 06:56:45 GMT" time="2.269" errors="0">
  <testcase name="google" time="2.269" classname="parallel.Ex2"/>
</testsuite> <!-- parallel.Ex2 -->
