<?xml version="1.0" encoding="UTF-8"?>
<!-- Generated by org.testng.reporters.JUnitReportReporter -->
<testsuite hostname="PrakasHaM" name="testng.Ex9" tests="3" failures="0" timestamp="25 Mar 2021 07:01:52 GMT" time="174.832" errors="0">
  <testcase name="testFb" time="48.045" classname="testng.Ex9"/>
  <testcase name="testGmail" time="16.507" classname="testng.Ex9"/>
  <testcase name="testYt" time="110.280" classname="testng.Ex9"/>
</testsuite> <!-- testng.Ex9 -->
