<?xml version="1.0" encoding="UTF-8"?>
<!-- Generated by org.testng.reporters.JUnitReportReporter -->
<testsuite hostname="PrakasHaM" name="testsuits.Test1" tests="2" failures="0" timestamp="26 Mar 2021 06:14:37 GMT" time="0.020" errors="0">
  <testcase name="t1_2" time="0.002" classname="testsuits.Test1"/>
  <testcase name="t1_1" time="0.018" classname="testsuits.Test1"/>
</testsuite> <!-- testsuits.Test1 -->
