<?xml version="1.0" encoding="UTF-8"?>
<!-- Generated by org.testng.reporters.JUnitReportReporter -->
<testsuite hostname="PrakasHaM" name="hybrid.TestLogin2" tests="5" failures="0" timestamp="4 Apr 2021 07:26:35 GMT" time="15.345" errors="0">
  <testcase name="performLogin" time="0.716" classname="hybrid.TestLogin2"/>
  <testcase name="performLogin" time="7.410" classname="hybrid.TestLogin2"/>
  <testcase name="performLogin" time="5.903" classname="hybrid.TestLogin2"/>
  <testcase name="performLogin" time="0.689" classname="hybrid.TestLogin2"/>
  <testcase name="performLogin" time="0.627" classname="hybrid.TestLogin2"/>
</testsuite> <!-- hybrid.TestLogin2 -->
