<?xml version="1.0" encoding="UTF-8"?>
<!-- Generated by org.testng.reporters.JUnitReportReporter -->
<testsuite hostname="PrakasHaM" name="excelDataProvider.TestDataExcel3" tests="5" failures="0" timestamp="29 Mar 2021 07:42:30 GMT" time="31.688" errors="0">
  <testcase name="testData" time="7.279" classname="excelDataProvider.TestDataExcel3"/>
  <testcase name="testData" time="6.334" classname="excelDataProvider.TestDataExcel3"/>
  <testcase name="testData" time="5.627" classname="excelDataProvider.TestDataExcel3"/>
  <testcase name="testData" time="5.518" classname="excelDataProvider.TestDataExcel3"/>
  <testcase name="testData" time="6.930" classname="excelDataProvider.TestDataExcel3"/>
</testsuite> <!-- excelDataProvider.TestDataExcel3 -->
