<?xml version="1.0" encoding="UTF-8"?>
<!-- Generated by org.testng.reporters.JUnitReportReporter -->
<testsuite hostname="PrakasHaM" name="params.T1" tests="2" failures="0" timestamp="26 Mar 2021 06:46:21 GMT" time="0.066" errors="0">
  <testcase name="t1" time="0.024" classname="params.T1"/>
  <testcase name="t2" time="0.042" classname="params.T1"/>
</testsuite> <!-- params.T1 -->
