<?xml version="1.0" encoding="UTF-8"?>
<!-- Generated by org.testng.reporters.JUnitReportReporter -->
<testsuite hostname="PrakasHaM" name="testng.Ex14" tests="2" failures="0" timestamp="26 Mar 2021 05:48:41 GMT" time="0.040" errors="0">
  <testcase name="t2" time="0.017" classname="testng.Ex14"/>
  <testcase name="t1" time="0.023" classname="testng.Ex14"/>
</testsuite> <!-- testng.Ex14 -->
