<?xml version="1.0" encoding="UTF-8"?>
<!-- Generated by org.testng.reporters.JUnitReportReporter -->
<testsuite hostname="PrakasHaM" name="myapp.TestFrames" tests="1" failures="0" timestamp="28 Mar 2021 10:47:15 GMT" time="35.769" errors="0">
  <testcase name="t1" time="35.769" classname="myapp.TestFrames"/>
</testsuite> <!-- myapp.TestFrames -->
