<?xml version="1.0" encoding="UTF-8"?>
<!-- Generated by org.testng.reporters.JUnitReportReporter -->
<testsuite hostname="PrakasHaM" name="dataproviderEmpdemo.TestLogin" tests="8" failures="0" timestamp="2 Apr 2021 07:13:56 GMT" time="15.004" errors="0">
  <testcase name="testLogin" time="1.545" classname="dataproviderEmpdemo.TestLogin"/>
  <testcase name="testLogin" time="1.676" classname="dataproviderEmpdemo.TestLogin"/>
  <testcase name="testLogin" time="3.065" classname="dataproviderEmpdemo.TestLogin"/>
  <testcase name="testLogin" time="1.462" classname="dataproviderEmpdemo.TestLogin"/>
  <testcase name="testLogin" time="1.658" classname="dataproviderEmpdemo.TestLogin"/>
  <testcase name="testLogin" time="2.043" classname="dataproviderEmpdemo.TestLogin"/>
  <testcase name="testLogin" time="1.733" classname="dataproviderEmpdemo.TestLogin"/>
  <testcase name="testLogin" time="1.822" classname="dataproviderEmpdemo.TestLogin"/>
</testsuite> <!-- dataproviderEmpdemo.TestLogin -->
