<?xml version="1.0" encoding="UTF-8"?>
<!-- Generated by org.testng.reporters.JUnitReportReporter -->
<testsuite hostname="PrakasHaM" name="dataprovider.TestDataProvider3" tests="7" failures="0" timestamp="29 Mar 2021 06:03:20 GMT" time="0.068" errors="0">
  <testcase name="testData" time="0.004" classname="dataprovider.TestDataProvider3"/>
  <testcase name="testData" time="0.010" classname="dataprovider.TestDataProvider3"/>
  <testcase name="testData" time="0.012" classname="dataprovider.TestDataProvider3"/>
  <testcase name="testData" time="0.005" classname="dataprovider.TestDataProvider3"/>
  <testcase name="testData" time="0.006" classname="dataprovider.TestDataProvider3"/>
  <testcase name="testData" time="0.008" classname="dataprovider.TestDataProvider3"/>
  <testcase name="testData" time="0.023" classname="dataprovider.TestDataProvider3"/>
</testsuite> <!-- dataprovider.TestDataProvider3 -->
