<?xml version="1.0" encoding="UTF-8"?>
<!-- Generated by org.testng.reporters.JUnitReportReporter -->
<testsuite hostname="PrakasHaM" name="myapp.TestKey2" tests="1" failures="0" timestamp="28 Mar 2021 10:12:46 GMT" time="19.437" errors="0">
  <testcase name="testText_3" time="19.437" classname="myapp.TestKey2"/>
</testsuite> <!-- myapp.TestKey2 -->
