<?xml version="1.0" encoding="UTF-8"?>
<!-- Generated by org.testng.reporters.JUnitReportReporter -->
<testsuite hostname="PrakasHaM" name="params.T6" tests="2" failures="0" timestamp="26 Mar 2021 06:57:04 GMT" time="0.008" errors="0">
  <testcase name="test6_2" time="0.003" classname="params.T6"/>
  <testcase name="test6_1" time="0.005" classname="params.T6"/>
</testsuite> <!-- params.T6 -->
