<?xml version="1.0" encoding="UTF-8"?>
<!-- Generated by org.testng.reporters.JUnitReportReporter -->
<testsuite hostname="PrakasHaM" name="depends.TestMethodDepends" tests="3" failures="0" timestamp="26 Mar 2021 07:36:09 GMT" time="0.044" errors="0">
  <testcase name="createAccount" time="0.005" classname="depends.TestMethodDepends"/>
  <testcase name="logout" time="0.004" classname="depends.TestMethodDepends"/>
  <testcase name="login" time="0.035" classname="depends.TestMethodDepends"/>
</testsuite> <!-- depends.TestMethodDepends -->
