<?xml version="1.0" encoding="UTF-8"?>
<!-- Generated by org.testng.reporters.JUnitReportReporter -->
<testsuite hostname="PrakasHaM" name="testng.Ex3" tests="3" failures="0" timestamp="25 Mar 2021 06:52:16 GMT" time="0.011" errors="0">
  <testcase name="test1" time="0.003" classname="testng.Ex3"/>
  <testcase name="test2" time="0.004" classname="testng.Ex3"/>
  <testcase name="test3" time="0.004" classname="testng.Ex3"/>
</testsuite> <!-- testng.Ex3 -->
