<?xml version="1.0" encoding="UTF-8"?>
<!-- Generated by org.testng.reporters.JUnitReportReporter -->
<testsuite hostname="PrakasHaM" name="testng.Ex4" tests="2" failures="0" timestamp="25 Mar 2021 06:52:16 GMT" time="0.004" errors="0">
  <testcase name="test1" time="0.002" classname="testng.Ex4"/>
  <testcase name="test3" time="0.002" classname="testng.Ex4"/>
</testsuite> <!-- testng.Ex4 -->
